<?xml version="1.0" encoding="UTF-8"?>
<!-- Generated by org.testng.reporters.JUnitReportReporter -->
<testsuite hostname="NTCPF161JTP" failures="0" tests="1" name="AddPlace" time="1.975" errors="0" timestamp="2021-09-08T15:42:24 IST" skipped="0">
  <testcase classname="AddPlace" name="addPlae" time="1.975"/>
  <system-out/>
</testsuite> <!-- AddPlace -->
