<?xml version="1.0" encoding="UTF-8"?>
<!-- Generated by org.testng.reporters.JUnitReportReporter -->
<testsuite hostname="NTCPF161JTP" failures="0" tests="3" name="Dynamic" time="4.032" errors="0" timestamp="2021-08-30T19:02:43 IST" skipped="0">
  <testcase classname="Dynamic" name="addBook" time="3.261"/>
  <system-out/>
  <testcase classname="Dynamic" name="addBook" time="0.527"/>
  <system-out/>
  <testcase classname="Dynamic" name="addBook" time="0.244"/>
  <system-out/>
</testsuite> <!-- Dynamic -->
